2024-06-09 11:06:437 INFO  HomePage :35 - Clicking on login link :
2024-06-09 11:06:181 INFO  LoginPage :73 - enter Email ID
2024-06-09 11:06:535 INFO  LoginPage :79 - enter Password
2024-06-09 11:06:130 INFO  HomePage :35 - Clicking on login link :
2024-06-09 11:06:363 INFO  LoginPage :73 - enter Email ID
2024-06-09 11:06:788 INFO  LoginPage :79 - enter Password
2024-06-09 11:06:470 INFO  HomePage :35 - Clicking on login link :
2024-06-09 11:06:929 INFO  LoginPage :63 - Getting text from : [[ChromeDriver: chrome on windows (c34fb305743511511905919aa8daf3a1)] -> xpath: //h1[contains(text(),'Welcome, Please Sign In!')]]
2024-06-09 11:06:254 INFO  HomePage :35 - Clicking on login link :
2024-06-09 11:06:285 INFO  LoginPage :73 - enter Email ID
2024-06-09 11:06:713 INFO  LoginPage :79 - enter Password
2024-06-09 11:06:983 INFO  HomePage :35 - Clicking on login link :
2024-06-09 11:06:134 INFO  LoginPage :73 - enter Email ID
2024-06-09 11:06:528 INFO  LoginPage :79 - enter Password
2024-06-09 11:06:666 INFO  HomePage :35 - Clicking on login link :
2024-06-09 11:06:129 INFO  LoginPage :73 - enter Email ID
2024-06-09 11:06:520 INFO  LoginPage :79 - enter Password
2024-06-09 11:06:738 INFO  HomePage :41 - Clicking on register link :
2024-06-09 11:06:814 INFO  HomePage :41 - Clicking on register link :
2024-06-09 11:06:288 INFO  HomePage :41 - Clicking on register link :
